2020-12-10 11:40:06,565 INFO [startup] [SymmetricUtils] [main] 
   _____                              __       _       ____   _____
  / ___/ __  _____ __  ___ __  ___  _/ /_ ____(_)___  / __ | / ___/
  \__ \ / / / / _ `_ \/ _ `_ \/ _ \/_ __// __/ / __/ / / / / \__ \ 
 ___/ // /_/ / // // / // // /  __// /  / / / / /_  / /_/ / ___/ / 
/____/ \__  /_//_//_/_//_//_/\___/ \_/ /_/ /_/\__/ /_____/ /____/  
      /____/                                                        
+-----------------------------------------------------------------+
| Copyright (C) 2007-2020 JumpMind, Inc.                          |
|                                                                 |
| Licensed under the GNU General Public License version 3.        |
| This software comes with ABSOLUTELY NO WARRANTY.                |
| See http://www.gnu.org/licenses/gpl.html                        |
+-----------------------------------------------------------------+
2020-12-10 11:40:06,635 INFO [startup] [SymmetricWebServer] [main] About to start SymmetricDS web server on 0.0.0.0:31415:HTTP/1.1
2020-12-10 11:40:07,295 INFO [offshoreNode] [AbstractSymmetricEngine] [symmetric-engine-startup-1] Initializing connection to database
2020-12-10 11:40:07,409 INFO [onshoreNode] [AbstractSymmetricEngine] [symmetric-engine-startup-2] Initializing connection to database
2020-12-10 11:40:08,609 INFO [startup] [SymmetricWebServer] [main] Joining the web server main thread
2020-12-10 11:40:09,011 INFO [offshoreNode] [JdbcDatabasePlatformFactory] [symmetric-engine-startup-1] Detected database 'postgres95', version '12', protocol 'postgresql'
2020-12-10 11:40:09,027 INFO [offshoreNode] [JdbcDatabasePlatformFactory] [symmetric-engine-startup-1] The IDatabasePlatform being used is org.jumpmind.db.platform.postgresql.PostgreSql95DatabasePlatform
2020-12-10 11:40:09,191 INFO [offshoreNode] [PostgreSqlSymmetricDialect] [symmetric-engine-startup-1] The DbDialect being used is org.jumpmind.symmetric.db.postgresql.PostgreSqlSymmetricDialect
2020-12-10 11:40:09,228 INFO [onshoreNode] [JdbcDatabasePlatformFactory] [symmetric-engine-startup-2] Detected database 'postgres95', version '12', protocol 'postgresql'
2020-12-10 11:40:09,228 INFO [onshoreNode] [JdbcDatabasePlatformFactory] [symmetric-engine-startup-2] The IDatabasePlatform being used is org.jumpmind.db.platform.postgresql.PostgreSql95DatabasePlatform
2020-12-10 11:40:09,238 INFO [offshoreNode] [ExtensionService] [symmetric-engine-startup-1] Found 0 extension points from the database that will be registered
2020-12-10 11:40:09,247 INFO [offshoreNode] [StagingManager] [symmetric-engine-startup-1] The staging directory was initialized at the following location: C:\Users\sa-kom-rigcare\Desktop\symmetric-server-3.12.4\symmetric-server-3.12.4\tmp\offshoreNode
2020-12-10 11:40:09,628 INFO [onshoreNode] [PostgreSqlSymmetricDialect] [symmetric-engine-startup-2] The DbDialect being used is org.jumpmind.symmetric.db.postgresql.PostgreSqlSymmetricDialect
2020-12-10 11:40:09,653 INFO [onshoreNode] [ExtensionService] [symmetric-engine-startup-2] Found 0 extension points from the database that will be registered
2020-12-10 11:40:09,654 INFO [onshoreNode] [StagingManager] [symmetric-engine-startup-2] The staging directory was initialized at the following location: C:\Users\sa-kom-rigcare\Desktop\symmetric-server-3.12.4\symmetric-server-3.12.4\tmp\onshoreNode
2020-12-10 11:40:10,513 INFO [offshoreNode] [ExtensionService] [symmetric-engine-startup-1] Found 0 extension points from the database that will be registered
2020-12-10 11:40:10,518 INFO [offshoreNode] [ClientExtensionService] [symmetric-engine-startup-1] Found 8 extension points from spring that will be registered
2020-12-10 11:40:10,685 INFO [offshoreNode] [AbstractSymmetricEngine] [symmetric-engine-startup-1] Initializing SymmetricDS database
2020-12-10 11:40:10,751 INFO [offshoreNode] [PostgreSqlSymmetricDialect] [symmetric-engine-startup-1] Checking if SymmetricDS tables need created or altered
2020-12-10 11:40:13,186 INFO [offshoreNode] [AbstractSymmetricEngine] [symmetric-engine-startup-1] Done initializing SymmetricDS database
2020-12-10 11:40:13,186 INFO [offshoreNode] [AbstractSymmetricEngine] [symmetric-engine-startup-1] SymmetricDS database version : 3.12.4
2020-12-10 11:40:13,187 INFO [offshoreNode] [AbstractSymmetricEngine] [symmetric-engine-startup-1] SymmetricDS software version : 3.12.4
2020-12-10 11:40:13,218 INFO [offshoreNode] [AbstractSymmetricEngine] [symmetric-engine-startup-1] Starting registered node [group=offshore, id=000, nodeId=000]
2020-12-10 11:40:13,220 INFO [offshoreNode] [ClusterService] [symmetric-engine-startup-1] This node picked a server id of SGKOMRIGKFWS2
2020-12-10 11:40:13,220 INFO [offshoreNode] [TriggerRouterService] [symmetric-engine-startup-1] Synchronizing triggers
2020-12-10 11:40:13,723 INFO [onshoreNode] [ExtensionService] [symmetric-engine-startup-2] Found 0 extension points from the database that will be registered
2020-12-10 11:40:13,723 INFO [onshoreNode] [ClientExtensionService] [symmetric-engine-startup-2] Found 8 extension points from spring that will be registered
2020-12-10 11:40:13,723 INFO [onshoreNode] [AbstractSymmetricEngine] [symmetric-engine-startup-2] Initializing SymmetricDS database
2020-12-10 11:40:13,733 INFO [onshoreNode] [PostgreSqlSymmetricDialect] [symmetric-engine-startup-2] Checking if SymmetricDS tables need created or altered
2020-12-10 11:40:16,260 INFO [offshoreNode] [TriggerRouterService] [symmetric-engine-startup-1] Done synchronizing triggers
2020-12-10 11:40:16,275 INFO [offshoreNode] [RouterJob] [symmetric-engine-startup-1] Starting Routing on periodic schedule: every 10000ms with the first run at 2020-12-10T11:40:26.016+0800
2020-12-10 11:40:16,278 INFO [offshoreNode] [PushJob] [symmetric-engine-startup-1] Starting Push on periodic schedule: every 60000ms with the first run at 2020-12-10T11:40:26.019+0800
2020-12-10 11:40:16,279 INFO [offshoreNode] [PullJob] [symmetric-engine-startup-1] Starting Pull on periodic schedule: every 60000ms with the first run at 2020-12-10T11:40:26.020+0800
2020-12-10 11:40:16,279 INFO [offshoreNode] [JobManager] [symmetric-engine-startup-1] Job Offline Push not configured for auto start
2020-12-10 11:40:16,279 INFO [offshoreNode] [JobManager] [symmetric-engine-startup-1] Job Offline Pull not configured for auto start
2020-12-10 11:40:16,281 INFO [offshoreNode] [OutgoingPurgeJob] [symmetric-engine-startup-1] Starting job 'Purge Outgoing' with cron expression: '0 0 */4 * * *'
2020-12-10 11:40:16,282 INFO [offshoreNode] [IncomingPurgeJob] [symmetric-engine-startup-1] Starting job 'Purge Incoming' with cron expression: '0 0 */4 * * *'
2020-12-10 11:40:16,283 INFO [offshoreNode] [StatisticFlushJob] [symmetric-engine-startup-1] Starting job 'Stat Flush' with cron expression: '0 0/5 * * * *'
2020-12-10 11:40:16,284 INFO [offshoreNode] [SyncTriggersJob] [symmetric-engine-startup-1] Starting job 'SyncTriggers' with cron expression: '0 0 0 * * *'
2020-12-10 11:40:16,284 INFO [offshoreNode] [HeartbeatJob] [symmetric-engine-startup-1] Starting Heartbeat on periodic schedule: every 900000ms with the first run at 2020-12-10T11:40:26.025+0800
2020-12-10 11:40:16,284 INFO [offshoreNode] [WatchdogJob] [symmetric-engine-startup-1] Starting Watchdog on periodic schedule: every 3600000ms with the first run at 2020-12-10T11:40:26.025+0800
2020-12-10 11:40:16,287 INFO [offshoreNode] [StageManagementJob] [symmetric-engine-startup-1] Starting job 'Stage Management' with cron expression: '0 0 * * * *'
2020-12-10 11:40:16,287 INFO [offshoreNode] [JobManager] [symmetric-engine-startup-1] Job Refresh Cache not configured for auto start
2020-12-10 11:40:16,288 INFO [offshoreNode] [JobManager] [symmetric-engine-startup-1] Job File Sync Tracker not configured for auto start
2020-12-10 11:40:16,288 INFO [offshoreNode] [JobManager] [symmetric-engine-startup-1] Job File Sync Pull not configured for auto start
2020-12-10 11:40:16,288 INFO [offshoreNode] [JobManager] [symmetric-engine-startup-1] Job File Sync Push not configured for auto start
2020-12-10 11:40:16,288 INFO [offshoreNode] [InitialLoadExtractorJob] [symmetric-engine-startup-1] Starting Initial Load Extract on periodic schedule: every 10000ms with the first run at 2020-12-10T11:40:26.029+0800
2020-12-10 11:40:16,289 INFO [offshoreNode] [MonitorJob] [symmetric-engine-startup-1] Starting Monitor on periodic schedule: every 60000ms with the first run at 2020-12-10T11:40:26.030+0800
2020-12-10 11:40:16,289 INFO [offshoreNode] [JobManager] [symmetric-engine-startup-1] Job Report Status not configured for auto start
2020-12-10 11:40:16,289 INFO [offshoreNode] [JobManager] [symmetric-engine-startup-1] Job Log Miner not configured for auto start
2020-12-10 11:40:16,289 INFO [offshoreNode] [InitialLoadJob] [symmetric-engine-startup-1] Starting Initial Load Queue on periodic schedule: every 10000ms with the first run at 2020-12-10T11:40:26.030+0800
2020-12-10 11:40:16,291 INFO [offshoreNode] [AbstractSymmetricEngine] [symmetric-engine-startup-1] SymmetricDS Node STARTED:
	 nodeId=000
	 groupId=offshore
	 type=server
	 subType=null
	 name=offshoreNode
	 softwareVersion=3.12.4
	 databaseName=PostgreSQL
	 databaseVersion=12.4
	 driverName=PostgreSQL JDBC Driver
	 driverVersion=42.2.16
	 uptime=0 sec.
2020-12-10 11:40:16,582 INFO [onshoreNode] [ConfigurationService] [symmetric-engine-startup-2] Auto-configuring config channel
2020-12-10 11:40:16,589 INFO [onshoreNode] [ConfigurationService] [symmetric-engine-startup-2] Auto-configuring reload channel
2020-12-10 11:40:16,591 INFO [onshoreNode] [ConfigurationService] [symmetric-engine-startup-2] Auto-configuring monitor channel
2020-12-10 11:40:16,594 INFO [onshoreNode] [ConfigurationService] [symmetric-engine-startup-2] Auto-configuring heartbeat channel
2020-12-10 11:40:16,596 INFO [onshoreNode] [ConfigurationService] [symmetric-engine-startup-2] Auto-configuring default channel
2020-12-10 11:40:16,598 INFO [onshoreNode] [ConfigurationService] [symmetric-engine-startup-2] Auto-configuring dynamic channel
2020-12-10 11:40:16,663 INFO [onshoreNode] [AbstractSymmetricEngine] [symmetric-engine-startup-2] Done initializing SymmetricDS database
2020-12-10 11:40:16,689 INFO [onshoreNode] [AbstractSymmetricEngine] [symmetric-engine-startup-2] SymmetricDS database version : null
2020-12-10 11:40:16,691 INFO [onshoreNode] [AbstractSymmetricEngine] [symmetric-engine-startup-2] SymmetricDS software version : 3.12.4
2020-12-10 11:40:16,816 INFO [onshoreNode] [AbstractSymmetricEngine] [symmetric-engine-startup-2] Starting unregistered node [group=onshore, externalId=001]
2020-12-10 11:40:16,821 INFO [onshoreNode] [RouterJob] [symmetric-engine-startup-2] Starting Routing on periodic schedule: every 10000ms with the first run at 2020-12-10T11:40:24.187+0800
2020-12-10 11:40:16,821 INFO [onshoreNode] [PushJob] [symmetric-engine-startup-2] Starting Push on periodic schedule: every 60000ms with the first run at 2020-12-10T11:40:24.187+0800
2020-12-10 11:40:16,822 INFO [onshoreNode] [PullJob] [symmetric-engine-startup-2] Starting Pull on periodic schedule: every 60000ms with the first run at 2020-12-10T11:40:24.188+0800
2020-12-10 11:40:16,822 INFO [onshoreNode] [JobManager] [symmetric-engine-startup-2] Job Offline Push not configured for auto start
2020-12-10 11:40:16,822 INFO [onshoreNode] [JobManager] [symmetric-engine-startup-2] Job Offline Pull not configured for auto start
2020-12-10 11:40:16,822 INFO [onshoreNode] [OutgoingPurgeJob] [symmetric-engine-startup-2] Starting job 'Purge Outgoing' with cron expression: '0 0 */4 * * *'
2020-12-10 11:40:16,822 INFO [onshoreNode] [IncomingPurgeJob] [symmetric-engine-startup-2] Starting job 'Purge Incoming' with cron expression: '0 0 */4 * * *'
2020-12-10 11:40:16,823 INFO [onshoreNode] [StatisticFlushJob] [symmetric-engine-startup-2] Starting job 'Stat Flush' with cron expression: '0 0/5 * * * *'
2020-12-10 11:40:16,823 INFO [onshoreNode] [SyncTriggersJob] [symmetric-engine-startup-2] Starting job 'SyncTriggers' with cron expression: '0 0 0 * * *'
2020-12-10 11:40:16,824 INFO [onshoreNode] [HeartbeatJob] [symmetric-engine-startup-2] Starting Heartbeat on periodic schedule: every 900000ms with the first run at 2020-12-10T11:40:24.190+0800
2020-12-10 11:40:16,824 INFO [onshoreNode] [WatchdogJob] [symmetric-engine-startup-2] Starting Watchdog on periodic schedule: every 3600000ms with the first run at 2020-12-10T11:40:24.190+0800
2020-12-10 11:40:16,824 INFO [onshoreNode] [StageManagementJob] [symmetric-engine-startup-2] Starting job 'Stage Management' with cron expression: '0 0 * * * *'
2020-12-10 11:40:16,824 INFO [onshoreNode] [JobManager] [symmetric-engine-startup-2] Job Refresh Cache not configured for auto start
2020-12-10 11:40:16,825 INFO [onshoreNode] [JobManager] [symmetric-engine-startup-2] Job File Sync Tracker not configured for auto start
2020-12-10 11:40:16,825 INFO [onshoreNode] [JobManager] [symmetric-engine-startup-2] Job File Sync Pull not configured for auto start
2020-12-10 11:40:16,825 INFO [onshoreNode] [JobManager] [symmetric-engine-startup-2] Job File Sync Push not configured for auto start
2020-12-10 11:40:16,825 INFO [onshoreNode] [InitialLoadExtractorJob] [symmetric-engine-startup-2] Starting Initial Load Extract on periodic schedule: every 10000ms with the first run at 2020-12-10T11:40:24.191+0800
2020-12-10 11:40:16,825 INFO [onshoreNode] [MonitorJob] [symmetric-engine-startup-2] Starting Monitor on periodic schedule: every 60000ms with the first run at 2020-12-10T11:40:24.191+0800
2020-12-10 11:40:16,825 INFO [onshoreNode] [JobManager] [symmetric-engine-startup-2] Job Report Status not configured for auto start
2020-12-10 11:40:16,825 INFO [onshoreNode] [JobManager] [symmetric-engine-startup-2] Job Log Miner not configured for auto start
2020-12-10 11:40:16,825 INFO [onshoreNode] [InitialLoadJob] [symmetric-engine-startup-2] Starting Initial Load Queue on periodic schedule: every 10000ms with the first run at 2020-12-10T11:40:24.191+0800
2020-12-10 11:40:16,826 INFO [onshoreNode] [ClusterService] [symmetric-engine-startup-2] This node picked a server id of SGKOMRIGKFWS2
2020-12-10 11:40:16,826 INFO [onshoreNode] [AbstractSymmetricEngine] [symmetric-engine-startup-2] SymmetricDS Node STARTED:
	 nodeId=001
	 groupId=onshore
	 type=server
	 subType=null
	 name=onshoreNode
	 softwareVersion=3.12.4
	 databaseName=PostgreSQL
	 databaseVersion=12.4
	 driverName=PostgreSQL JDBC Driver
	 driverVersion=42.2.16
	 uptime=0 sec.
2020-12-10 11:40:24,192 INFO [onshoreNode] [PushJob] [onshoreNode-job-2] Did not run the 'Push' job because the engine is not registered.
2020-12-10 11:40:24,196 INFO [onshoreNode] [InitialLoadExtractorJob] [onshoreNode-job-5] Did not run the 'Initial Load Extract' job because the engine is not registered.
2020-12-10 11:40:24,200 INFO [onshoreNode] [RouterJob] [onshoreNode-job-1] Did not run the 'Routing' job because the engine is not registered.
2020-12-10 11:40:24,201 INFO [onshoreNode] [MonitorJob] [onshoreNode-job-6] Did not run the 'Monitor' job because the engine is not registered.
2020-12-10 11:40:24,201 INFO [onshoreNode] [InitialLoadJob] [onshoreNode-job-7] Did not run the 'Initial Load Queue' job because the engine is not registered.
2020-12-10 11:40:24,222 INFO [onshoreNode] [RegistrationService] [onshoreNode-job-3] This node is unregistered.  It will attempt to register using the registration.url
2020-12-10 11:40:24,276 INFO [onshoreNode] [DataLoaderService] [onshoreNode-job-3] Using registration URL of http://localhost:31415/sync/offshoreNode/registration
2020-12-10 11:40:24,383 INFO [offshoreNode] [RegistrationService] [qtp27084827-17] Just opened registration for external id of 001 and a node group of onshore and a node id of 001
2020-12-10 11:40:24,389 INFO [offshoreNode] [RegistrationService] [qtp27084827-17] Completed registration of node onshore:001:001
2020-12-10 11:40:25,982 INFO [onshoreNode] [ConfigurationChangedDatabaseWriterFilter] [onshorenode-dataloader-1] Grouplets flushed because new grouplet config came through the data loader
2020-12-10 11:40:25,982 INFO [onshoreNode] [ConfigurationChangedDatabaseWriterFilter] [onshorenode-dataloader-1] Load filters flushed because new filter config came through the data loader
2020-12-10 11:40:25,982 INFO [onshoreNode] [ConfigurationChangedDatabaseWriterFilter] [onshorenode-dataloader-1] Channels flushed because new channels came through the data loader
2020-12-10 11:40:25,982 INFO [onshoreNode] [ConfigurationChangedDatabaseWriterFilter] [onshorenode-dataloader-1] About to refresh the cache of conflict settings because new configuration came through the data loader
2020-12-10 11:40:25,982 INFO [onshoreNode] [ConfigurationChangedDatabaseWriterFilter] [onshorenode-dataloader-1] About to refresh the cache of parameters because new configuration came through the data loader
2020-12-10 11:40:25,995 INFO [onshoreNode] [ConfigurationChangedDatabaseWriterFilter] [onshorenode-dataloader-1] About to refresh the cache of node security because new configuration came through the data loader
2020-12-10 11:40:25,997 INFO [onshoreNode] [ConfigurationChangedDatabaseWriterFilter] [onshoreNode-job-3] About to refresh the cache of transformation because new configuration came through the data loader
2020-12-10 11:40:25,997 INFO [onshoreNode] [ConfigurationChangedDatabaseWriterFilter] [onshoreNode-job-3] About to clear the staging area because new transform configuration came through the data loader
2020-12-10 11:40:25,998 INFO [onshoreNode] [StagingManager] [onshoreNode-job-3] Cleaning staging...
2020-12-10 11:40:26,001 INFO [onshoreNode] [StagingManager] [onshoreNode-job-3] Purged 1 staging files, freed 10 KB of disk space.
2020-12-10 11:40:26,001 INFO [onshoreNode] [StagingManager] [onshoreNode-job-3] Finished cleaning staging in 0 seconds.
2020-12-10 11:40:26,001 INFO [onshoreNode] [ConfigurationChangedDatabaseWriterFilter] [onshoreNode-job-3] About to syncTriggers because new configuration came through the data loader
2020-12-10 11:40:26,001 INFO [onshoreNode] [TriggerRouterService] [onshoreNode-job-3] Synchronizing triggers
2020-12-10 11:40:26,025 INFO [offshoreNode] [DataGapFastDetector] [offshoreNode-job-4] Full gap analysis is running
2020-12-10 11:40:26,029 INFO [offshoreNode] [DataGapFastDetector] [offshoreNode-job-4] Querying data in gaps from database took 4 ms
2020-12-10 11:40:26,029 INFO [offshoreNode] [DataGapFastDetector] [offshoreNode-job-4] Full gap analysis is done after 4 ms
2020-12-10 11:40:26,037 INFO [onshoreNode] [TriggerRouterService] [onshoreNode-job-3] Done synchronizing triggers
2020-12-10 11:40:26,048 INFO [offshoreNode] [NodeCommunicationService] [offshoreNode-job-8] pull will use 10 threads
2020-12-10 11:40:26,092 INFO [onshoreNode] [RegistrationService] [onshoreNode-job-3] Successfully registered node [id=001]
2020-12-10 11:40:26,251 INFO [offshoreNode] [ConfigurationChangedDataRouter] [offshoreNode-job-4] About to refresh the cache of nodes because new configuration came through the data router
2020-12-10 11:40:26,251 INFO [offshoreNode] [ConfigurationChangedDataRouter] [offshoreNode-job-4] About to refresh the cache of node security because new configuration came through the data router
2020-12-10 11:40:26,270 INFO [offshoreNode] [RouterService] [offshoreNode-job-4] Routed 8 data events in 245 ms
2020-12-10 11:40:26,319 INFO [onshoreNode] [ExtensionService] [onshoreNode-job-3] Found 0 extension points from the database that will be registered
2020-12-10 11:40:26,320 INFO [onshoreNode] [ClientExtensionService] [onshoreNode-job-3] Found 8 extension points from spring that will be registered
2020-12-10 11:40:26,320 INFO [onshoreNode] [PushHeartbeatListener] [onshoreNode-job-3] Some attribute(s) of node changed.  Recording changes
2020-12-10 11:40:26,320 INFO [onshoreNode] [PushHeartbeatListener] [onshoreNode-job-3] Updating my node configuration info according to the symmetric properties
2020-12-10 11:40:26,379 INFO [onshoreNode] [PullService] [onshoreNode-job-3] Node onshore:001 just registered, not pulling yet
2020-12-10 11:40:34,210 INFO [onshoreNode] [DataService] [onshoreNode-job-11] Inserting missing last data gap: { startId: 1, endId: 50000001, createTime: "Thu Dec 10 11:40:34 SGT 2020" }
2020-12-10 11:40:34,225 INFO [onshoreNode] [DataGapFastDetector] [onshoreNode-job-11] Full gap analysis is running
2020-12-10 11:40:34,232 INFO [onshoreNode] [DataGapFastDetector] [onshoreNode-job-11] Querying data in gaps from database took 6 ms
2020-12-10 11:40:34,232 INFO [onshoreNode] [DataGapFastDetector] [onshoreNode-job-11] Full gap analysis is done after 6 ms
2020-12-10 11:40:36,130 INFO [offshoreNode] [InitialLoadService] [offshoreNode-job-15] Creating load request from node 000 to node 001
2020-12-10 11:40:36,151 INFO [offshoreNode] [InitialLoadService] [offshoreNode-job-15] Found 1 table reload requests to process.
2020-12-10 11:40:36,161 INFO [offshoreNode] [DataService] [offshoreNode-job-15] Queueing up an initial load to node 001
2020-12-10 11:40:36,316 INFO [offshoreNode] [ConfigurationChangedDataRouter] [offshoreNode-job-11] About to refresh the cache of node security because new configuration came through the data router
2020-12-10 11:40:36,316 INFO [offshoreNode] [RouterService] [offshoreNode-job-11] Routed 3 data events in 42 ms
2020-12-10 11:40:36,729 INFO [offshoreNode] [DataService] [offshoreNode-job-15] Table reload request(s) for load id 2 have been processed.
2020-12-10 11:40:36,734 INFO [offshoreNode] [PurgeService] [offshoreNode-job-15] Purged all 0 incoming batch for node 001
2020-12-10 11:40:46,139 INFO [offshoreNode] [NodeCommunicationService] [offshoreNode-job-13] extract will use 20 threads
2020-12-10 11:40:46,159 INFO [offshoreNode] [DataExtractorService] [offshorenode-extract-default-1] Starting request 2 to extract table tagsrawdata into batches 50 through 50 for node 001.
2020-12-10 11:40:46,200 INFO [offshoreNode] [DataExtractorService] [offshorenode-extract-default-1] Done with request 2 to extract table tagsrawdata into batches 50 through 50 for node 001
2020-12-10 11:40:46,353 INFO [offshoreNode] [ConfigurationChangedDataRouter] [offshoreNode-job-14] About to refresh the cache of node security because new configuration came through the data router
2020-12-10 11:40:46,355 INFO [offshoreNode] [RouterService] [offshoreNode-job-14] Routed 2 data events in 32 ms
2020-12-10 11:41:26,387 INFO [onshoreNode] [NodeCommunicationService] [onshoreNode-job-10] pull will use 10 threads
2020-12-10 11:41:26,475 INFO [offshoreNode] [PullUriHandler] [qtp27084827-10] 7 data and 7 batches sent during pull request from onshore:001:001
2020-12-10 11:41:26,596 INFO [onshoreNode] [ConfigurationChangedDatabaseWriterFilter] [onshorenode-dataloader-2] About to refresh the cache of node security because new configuration came through the data loader
2020-12-10 11:41:26,604 INFO [onshoreNode] [ConfigurationChangedDatabaseWriterFilter] [onshorenode-dataloader-2] About to refresh the cache of nodes because new configuration came through the data loader
2020-12-10 11:41:26,621 INFO [onshoreNode] [ConfigurationChangedDatabaseWriterFilter] [onshorenode-dataloader-2] About to refresh the cache of node security because new configuration came through the data loader
2020-12-10 11:41:26,657 INFO [onshoreNode] [PullService] [onshorenode-pull-default-1] Pull data received from offshore:000:000 on queue default. 7 rows and 7 batches were processed. (sym_node, sym_table_reload_request, sym_node_security)
2020-12-10 11:42:16,484 INFO [offshoreNode] [RouterService] [offshoreNode-job-18] The 'tags' channel for the 'offshore' node group has only default routers assigned to it.  Change data won't be selected during routing
2020-12-10 11:42:16,490 INFO [offshoreNode] [RouterService] [offshoreNode-job-18] Routed 1 data events in 8 ms
2020-12-10 11:42:26,416 INFO [offshoreNode] [PullUriHandler] [qtp27084827-16] 1 data and 1 batches sent during pull request from onshore:001:001
2020-12-10 11:42:26,474 INFO [onshoreNode] [PullService] [onshorenode-pull-default-2] Pull data received from offshore:000:000 on queue default. 1 rows and 1 batches were processed. (tagsrawdata)
2020-12-10 11:55:27,060 INFO [offshoreNode] [RouterService] [offshoreNode-job-10] Routed 1 data events in 34 ms
2020-12-10 11:56:26,538 INFO [offshoreNode] [PullUriHandler] [qtp27084827-15] 1 data and 1 batches sent during pull request from onshore:001:001
2020-12-10 11:56:26,813 INFO [onshoreNode] [PullService] [onshorenode-pull-default-6] Pull data received from offshore:000:000 on queue default. 1 rows and 1 batches were processed. (sym_node_host)
2020-12-10 12:00:00,032 INFO [offshoreNode] [PurgeService] [offshoreNode-job-12] The incoming purge process is about to run
2020-12-10 12:00:00,032 INFO [offshoreNode] [PurgeService] [offshoreNode-job-12] Getting range for incoming batch
2020-12-10 12:00:00,035 INFO [offshoreNode] [PurgeService] [offshoreNode-job-6] The outgoing purge process is about to run for data older than Dec 10, 2020 10:00:00 AM
2020-12-10 12:00:00,035 INFO [offshoreNode] [PurgeService] [offshoreNode-job-6] Looking for old nodes in batches
2020-12-10 12:00:00,038 INFO [offshoreNode] [PurgeService] [offshoreNode-job-6] Looking for old channels in batches
2020-12-10 12:00:00,039 INFO [onshoreNode] [PurgeService] [onshoreNode-job-4] The outgoing purge process is about to run for data older than Dec 10, 2020 10:00:00 AM
2020-12-10 12:00:00,039 INFO [onshoreNode] [PurgeService] [onshoreNode-job-4] Looking for old nodes in batches
2020-12-10 12:00:00,039 INFO [onshoreNode] [PurgeService] [onshoreNode-job-12] The incoming purge process is about to run
2020-12-10 12:00:00,040 INFO [offshoreNode] [PurgeService] [offshoreNode-job-6] Getting range for data
2020-12-10 12:00:00,040 INFO [onshoreNode] [PurgeService] [onshoreNode-job-12] Getting range for incoming batch
2020-12-10 12:00:00,044 INFO [offshoreNode] [PurgeService] [offshoreNode-job-6] Found range for data of 1 through 0
2020-12-10 12:00:00,045 INFO [offshoreNode] [StagingManager] [offshoreNode-job-17] Cleaning staging...
2020-12-10 12:00:00,051 INFO [offshoreNode] [StagingManager] [offshoreNode-job-17] Finished cleaning staging in 0 seconds.
2020-12-10 12:00:00,052 INFO [onshoreNode] [PurgeService] [onshoreNode-job-12] About to purge incoming batch
2020-12-10 12:00:00,052 INFO [onshoreNode] [PurgeService] [onshoreNode-job-12] Done purging 0 incoming batch rows
2020-12-10 12:00:00,052 INFO [onshoreNode] [PurgeService] [onshoreNode-job-12] Purging incoming error rows
2020-12-10 12:00:00,053 INFO [offshoreNode] [PurgeService] [offshoreNode-job-12] About to purge incoming batch
2020-12-10 12:00:00,053 INFO [offshoreNode] [PurgeService] [offshoreNode-job-12] Done purging 0 incoming batch rows
2020-12-10 12:00:00,053 INFO [offshoreNode] [PurgeService] [offshoreNode-job-12] Purging incoming error rows
2020-12-10 12:00:00,054 INFO [onshoreNode] [PurgeService] [onshoreNode-job-4] Looking for old channels in batches
2020-12-10 12:00:00,054 INFO [onshoreNode] [PurgeService] [onshoreNode-job-12] Purged 0 incoming error rows
2020-12-10 12:00:00,054 INFO [onshoreNode] [PurgeService] [onshoreNode-job-12] Purging registration requests that are older than 2020-12-05T12:00:00.054+0800
2020-12-10 12:00:00,055 INFO [offshoreNode] [PurgeService] [offshoreNode-job-6] Getting count of outstanding batches
2020-12-10 12:00:00,056 INFO [onshoreNode] [PurgeService] [onshoreNode-job-12] Purging monitor events that are older than 2020-12-10T10:00:00.056+0800
2020-12-10 12:00:00,057 INFO [offshoreNode] [PurgeService] [offshoreNode-job-6] Found 0 outstanding batches, threshold is 100000
2020-12-10 12:00:00,057 INFO [offshoreNode] [PurgeService] [offshoreNode-job-6] About to purge data_range using range 1 through 0
2020-12-10 12:00:00,057 INFO [offshoreNode] [PurgeService] [offshoreNode-job-6] Done purging 0 of data_range rows
2020-12-10 12:00:00,057 INFO [offshoreNode] [PurgeService] [offshoreNode-job-6] About to purge data using range 1 through -1
2020-12-10 12:00:00,057 INFO [offshoreNode] [PurgeService] [offshoreNode-job-6] Done purging 0 of data rows
2020-12-10 12:00:00,058 INFO [offshoreNode] [PurgeService] [offshoreNode-job-6] Getting range for outgoing batch
2020-12-10 12:00:00,058 INFO [offshoreNode] [PurgeService] [offshoreNode-job-12] Purged 0 incoming error rows
2020-12-10 12:00:00,058 INFO [offshoreNode] [PurgeService] [offshoreNode-job-12] Purging registration requests that are older than 2020-12-05T12:00:00.058+0800
2020-12-10 12:00:00,060 INFO [onshoreNode] [PurgeService] [onshoreNode-job-12] The incoming purge process has completed
2020-12-10 12:00:00,060 INFO [onshoreNode] [PurgeService] [onshoreNode-job-4] Getting range for data
2020-12-10 12:00:00,061 INFO [offshoreNode] [PurgeService] [offshoreNode-job-6] Getting first batch_id for outstanding batches
2020-12-10 12:00:00,061 INFO [offshoreNode] [PurgeService] [offshoreNode-job-6] About to purge data_event_range using range 2 through 0
2020-12-10 12:00:00,061 INFO [offshoreNode] [PurgeService] [offshoreNode-job-6] Done purging 0 of data_event_range rows
2020-12-10 12:00:00,061 INFO [offshoreNode] [PurgeService] [offshoreNode-job-6] About to purge outgoing_batch_range using range 2 through 0
2020-12-10 12:00:00,061 INFO [offshoreNode] [PurgeService] [offshoreNode-job-6] Done purging 0 of outgoing_batch_range rows
2020-12-10 12:00:00,061 INFO [offshoreNode] [PurgeService] [offshoreNode-job-6] About to purge data_event using range 2 through -1
2020-12-10 12:00:00,061 INFO [offshoreNode] [PurgeService] [offshoreNode-job-6] Done purging 0 of data_event rows
2020-12-10 12:00:00,061 INFO [offshoreNode] [PurgeService] [offshoreNode-job-6] About to purge outgoing_batch using range 2 through -1
2020-12-10 12:00:00,062 INFO [offshoreNode] [PurgeService] [offshoreNode-job-6] Done purging 0 of outgoing_batch rows
2020-12-10 12:00:00,063 INFO [offshoreNode] [PurgeService] [offshoreNode-job-6] Done purging 0 lingering batches and 0 rows
2020-12-10 12:00:00,063 INFO [offshoreNode] [PurgeService] [offshoreNode-job-6] Getting range for stranded data events
2020-12-10 12:00:00,065 INFO [offshoreNode] [PurgeService] [offshoreNode-job-12] Purging monitor events that are older than 2020-12-10T10:00:00.065+0800
2020-12-10 12:00:00,067 INFO [offshoreNode] [PurgeService] [offshoreNode-job-12] The incoming purge process has completed
2020-12-10 12:00:00,068 INFO [offshoreNode] [PurgeService] [offshoreNode-job-6] About to purge stranded_data_event using range 0 through -1
2020-12-10 12:00:00,068 INFO [offshoreNode] [PurgeService] [offshoreNode-job-6] Done purging 0 of stranded_data_event rows
2020-12-10 12:00:00,068 INFO [offshoreNode] [PurgeService] [offshoreNode-job-6] Getting range for stranded data
2020-12-10 12:00:00,068 INFO [onshoreNode] [PurgeService] [onshoreNode-job-4] Found range for data of 0 through 0
2020-12-10 12:00:00,070 INFO [onshoreNode] [StagingManager] [onshoreNode-job-9] Cleaning staging...
2020-12-10 12:00:00,072 INFO [offshoreNode] [PurgeService] [offshoreNode-job-6] About to purge stranded_data using range 1 through 0
2020-12-10 12:00:00,072 INFO [offshoreNode] [PurgeService] [offshoreNode-job-6] Done purging 0 of stranded_data rows
2020-12-10 12:00:00,072 INFO [offshoreNode] [PurgeService] [offshoreNode-job-6] Purging extract requests that are older than 2020-11-30T12:00:00.072+0800
2020-12-10 12:00:00,072 INFO [onshoreNode] [PurgeService] [onshoreNode-job-4] Getting count of outstanding batches
2020-12-10 12:00:00,073 INFO [offshoreNode] [PurgeService] [offshoreNode-job-6] Looking for old channels in data
2020-12-10 12:00:00,073 INFO [onshoreNode] [PurgeService] [onshoreNode-job-4] Found 0 outstanding batches, threshold is 100000
2020-12-10 12:00:00,073 INFO [onshoreNode] [PurgeService] [onshoreNode-job-4] About to purge data_range using range 0 through 0
2020-12-10 12:00:00,075 INFO [onshoreNode] [PurgeService] [onshoreNode-job-4] Done purging 0 of data_range rows
2020-12-10 12:00:00,075 INFO [onshoreNode] [PurgeService] [onshoreNode-job-4] About to purge data using range 0 through -1
2020-12-10 12:00:00,075 INFO [onshoreNode] [PurgeService] [onshoreNode-job-4] Done purging 0 of data rows
2020-12-10 12:00:00,075 INFO [onshoreNode] [PurgeService] [onshoreNode-job-4] Getting range for outgoing batch
2020-12-10 12:00:00,075 INFO [offshoreNode] [PurgeService] [offshoreNode-job-6] The outgoing purge process has completed
2020-12-10 12:00:00,077 INFO [onshoreNode] [PurgeService] [onshoreNode-job-4] Getting first batch_id for outstanding batches
2020-12-10 12:00:00,078 INFO [onshoreNode] [PurgeService] [onshoreNode-job-4] About to purge data_event_range using range 0 through 0
2020-12-10 12:00:00,079 INFO [onshoreNode] [PurgeService] [onshoreNode-job-4] Done purging 0 of data_event_range rows
2020-12-10 12:00:00,079 INFO [onshoreNode] [PurgeService] [onshoreNode-job-4] About to purge outgoing_batch_range using range 0 through 0
2020-12-10 12:00:00,079 INFO [onshoreNode] [StagingManager] [onshoreNode-job-9] Finished cleaning staging in 0 seconds.
2020-12-10 12:00:00,081 INFO [onshoreNode] [PurgeService] [onshoreNode-job-4] Done purging 0 of outgoing_batch_range rows
2020-12-10 12:00:00,081 INFO [onshoreNode] [PurgeService] [onshoreNode-job-4] About to purge data_event using range 0 through -1
2020-12-10 12:00:00,081 INFO [onshoreNode] [PurgeService] [onshoreNode-job-4] Done purging 0 of data_event rows
2020-12-10 12:00:00,081 INFO [onshoreNode] [PurgeService] [onshoreNode-job-4] About to purge outgoing_batch using range 0 through -1
2020-12-10 12:00:00,081 INFO [onshoreNode] [PurgeService] [onshoreNode-job-4] Done purging 0 of outgoing_batch rows
2020-12-10 12:00:00,082 INFO [onshoreNode] [PurgeService] [onshoreNode-job-4] Done purging 0 lingering batches and 0 rows
2020-12-10 12:00:00,082 INFO [onshoreNode] [PurgeService] [onshoreNode-job-4] Getting range for stranded data events
2020-12-10 12:00:00,086 INFO [onshoreNode] [PurgeService] [onshoreNode-job-4] About to purge stranded_data_event using range 0 through -1
2020-12-10 12:00:00,086 INFO [onshoreNode] [PurgeService] [onshoreNode-job-4] Done purging 0 of stranded_data_event rows
2020-12-10 12:00:00,086 INFO [onshoreNode] [PurgeService] [onshoreNode-job-4] Getting range for stranded data
2020-12-10 12:00:00,087 INFO [onshoreNode] [PurgeService] [onshoreNode-job-4] About to purge stranded_data using range 0 through -1
2020-12-10 12:00:00,087 INFO [onshoreNode] [PurgeService] [onshoreNode-job-4] Done purging 0 of stranded_data rows
2020-12-10 12:00:00,087 INFO [onshoreNode] [PurgeService] [onshoreNode-job-4] Purging extract requests that are older than 2020-11-30T12:00:00.087+0800
2020-12-10 12:00:00,088 INFO [onshoreNode] [PurgeService] [onshoreNode-job-4] Looking for old channels in data
2020-12-10 12:00:00,091 INFO [onshoreNode] [PurgeService] [onshoreNode-job-4] The outgoing purge process has completed
2020-12-10 12:10:27,676 INFO [offshoreNode] [RouterService] [offshoreNode-job-4] Routed 1 data events in 51 ms
2020-12-10 12:10:27,679 INFO [offshoreNode] [DataGapFastDetector] [offshoreNode-job-4] Expired 1 data gap(s) between data_id 20 and 21 and between create_time 2020-12-10T11:40:46.323+0800 and 2020-12-10T11:40:46.323+0800
2020-12-10 12:11:26,608 INFO [offshoreNode] [PullUriHandler] [qtp27084827-14] 1 data and 1 batches sent during pull request from onshore:001:001
2020-12-10 12:11:26,651 INFO [onshoreNode] [PullService] [onshorenode-pull-default-1] Pull data received from offshore:000:000 on queue default. 1 rows and 1 batches were processed. (sym_node_host)
